-------------------------------------------------------------------------------
Test set: AdoptAnimalTest
-------------------------------------------------------------------------------
Tests run: 5, Failures: 0, Errors: 5, Skipped: 0, Time elapsed: 0.408 s <<< FAILURE! - in AdoptAnimalTest
insert(AdoptAnimalTest)  Time elapsed: 0 s  <<< ERROR!
java.lang.IllegalStateException: Failed to load ApplicationContext
Caused by: org.springframework.beans.factory.BeanDefinitionStoreException: IOException parsing XML document from class path resource [Spring-dao.xml]; nested exception is java.io.FileNotFoundException: class path resource [Spring-dao.xml] cannot be opened because it does not exist
Caused by: java.io.FileNotFoundException: class path resource [Spring-dao.xml] cannot be opened because it does not exist

select(AdoptAnimalTest)  Time elapsed: 0.001 s  <<< ERROR!
java.lang.IllegalStateException: Failed to load ApplicationContext
Caused by: org.springframework.beans.factory.BeanDefinitionStoreException: IOException parsing XML document from class path resource [Spring-dao.xml]; nested exception is java.io.FileNotFoundException: class path resource [Spring-dao.xml] cannot be opened because it does not exist
Caused by: java.io.FileNotFoundException: class path resource [Spring-dao.xml] cannot be opened because it does not exist

update(AdoptAnimalTest)  Time elapsed: 0.001 s  <<< ERROR!
java.lang.IllegalStateException: Failed to load ApplicationContext
Caused by: org.springframework.beans.factory.BeanDefinitionStoreException: IOException parsing XML document from class path resource [Spring-dao.xml]; nested exception is java.io.FileNotFoundException: class path resource [Spring-dao.xml] cannot be opened because it does not exist
Caused by: java.io.FileNotFoundException: class path resource [Spring-dao.xml] cannot be opened because it does not exist

delet(AdoptAnimalTest)  Time elapsed: 0.005 s  <<< ERROR!
java.lang.IllegalStateException: Failed to load ApplicationContext
Caused by: org.springframework.beans.factory.BeanDefinitionStoreException: IOException parsing XML document from class path resource [Spring-dao.xml]; nested exception is java.io.FileNotFoundException: class path resource [Spring-dao.xml] cannot be opened because it does not exist
Caused by: java.io.FileNotFoundException: class path resource [Spring-dao.xml] cannot be opened because it does not exist

select1(AdoptAnimalTest)  Time elapsed: 0 s  <<< ERROR!
java.lang.IllegalStateException: Failed to load ApplicationContext
Caused by: org.springframework.beans.factory.BeanDefinitionStoreException: IOException parsing XML document from class path resource [Spring-dao.xml]; nested exception is java.io.FileNotFoundException: class path resource [Spring-dao.xml] cannot be opened because it does not exist
Caused by: java.io.FileNotFoundException: class path resource [Spring-dao.xml] cannot be opened because it does not exist

